2020-10-12T13:23:47-0400 [INFO    ] dandi Traversing remote dandisets (000021) recursively
2020-10-12T13:23:47-0400 [INFO    ] backups2datalad.py Updating metadata file
2020-10-12T13:24:01-0400 [INFO    ] backups2datalad.py Syncing asset /sub-699733573/sub-699733573_ses-715093703.nwb
2020-10-12T13:24:01-0400 [INFO    ] backups2datalad.py Asset in dataset, and hash shows no modification; will not update
2020-10-12T13:24:01-0400 [INFO    ] backups2datalad.py Syncing asset /sub-699733573/sub-699733573_ses-715093703_probe-810755797_ecephys.nwb
2020-10-12T13:24:02-0400 [INFO    ] backups2datalad.py Asset in dataset, and hash shows no modification; will not update
2020-10-12T13:24:02-0400 [INFO    ] backups2datalad.py Syncing asset /sub-699733573/sub-699733573_ses-715093703_probe-810755799_ecephys.nwb
2020-10-12T13:24:02-0400 [INFO    ] backups2datalad.py Asset in dataset, and hash shows no modification; will not update
2020-10-12T13:24:02-0400 [INFO    ] backups2datalad.py Syncing asset /sub-699733573/sub-699733573_ses-715093703_probe-810755801_ecephys.nwb
2020-10-12T13:24:02-0400 [INFO    ] backups2datalad.py Asset in dataset, and hash shows no modification; will not update
2020-10-12T13:24:02-0400 [INFO    ] backups2datalad.py Syncing asset /sub-699733573/sub-699733573_ses-715093703_probe-810755803_ecephys.nwb
2020-10-12T13:24:03-0400 [INFO    ] backups2datalad.py Asset in dataset, and hash shows no modification; will not update
2020-10-12T13:24:03-0400 [INFO    ] backups2datalad.py Syncing asset /sub-699733573/sub-699733573_ses-715093703_probe-810755805_ecephys.nwb
2020-10-12T13:24:03-0400 [INFO    ] backups2datalad.py Asset in dataset, and hash shows no modification; will not update
2020-10-12T13:24:03-0400 [INFO    ] backups2datalad.py Syncing asset /sub-699733573/sub-699733573_ses-715093703_probe-810755807_ecephys.nwb
2020-10-12T13:24:03-0400 [INFO    ] backups2datalad.py Asset in dataset, and hash shows no modification; will not update
2020-10-12T13:24:03-0400 [INFO    ] backups2datalad.py Syncing asset /sub-703279277/sub-703279277_ses-719161530.nwb
2020-10-12T13:24:04-0400 [INFO    ] backups2datalad.py Asset in dataset, and hash shows no modification; will not update
2020-10-12T13:24:04-0400 [INFO    ] backups2datalad.py Syncing asset /sub-703279277/sub-703279277_ses-719161530_probe-729445648_ecephys.nwb
2020-10-12T13:24:04-0400 [INFO    ] backups2datalad.py Asset in dataset, and hash shows no modification; will not update
2020-10-12T13:24:04-0400 [INFO    ] backups2datalad.py Syncing asset /sub-703279277/sub-703279277_ses-719161530_probe-729445650_ecephys.nwb
2020-10-12T13:24:04-0400 [INFO    ] backups2datalad.py Asset in dataset, and hash shows no modification; will not update
2020-10-12T13:24:04-0400 [INFO    ] backups2datalad.py Syncing asset /sub-703279277/sub-703279277_ses-719161530_probe-729445652_ecephys.nwb
2020-10-12T13:24:05-0400 [INFO    ] backups2datalad.py Asset in dataset, and hash shows no modification; will not update
2020-10-12T13:24:05-0400 [INFO    ] backups2datalad.py Syncing asset /sub-703279277/sub-703279277_ses-719161530_probe-729445654_ecephys.nwb
2020-10-12T13:24:05-0400 [INFO    ] backups2datalad.py Asset in dataset, and hash shows no modification; will not update
2020-10-12T13:24:05-0400 [INFO    ] backups2datalad.py Syncing asset /sub-703279277/sub-703279277_ses-719161530_probe-729445656_ecephys.nwb
2020-10-12T13:24:05-0400 [INFO    ] backups2datalad.py Asset in dataset, and hash shows no modification; will not update
2020-10-12T13:24:05-0400 [INFO    ] backups2datalad.py Syncing asset /sub-703279277/sub-703279277_ses-719161530_probe-729445658_ecephys.nwb
2020-10-12T13:24:06-0400 [INFO    ] backups2datalad.py Asset in dataset, and hash shows no modification; will not update
2020-10-12T13:24:06-0400 [INFO    ] backups2datalad.py Syncing asset /sub-707296975/sub-707296975_ses-721123822.nwb
2020-10-12T13:24:06-0400 [INFO    ] backups2datalad.py Asset in dataset, and hash shows no modification; will not update
2020-10-12T13:24:06-0400 [INFO    ] backups2datalad.py Syncing asset /sub-707296975/sub-707296975_ses-721123822_probe-760213137_ecephys.nwb
2020-10-12T13:24:07-0400 [INFO    ] backups2datalad.py Asset in dataset, and hash shows no modification; will not update
2020-10-12T13:24:07-0400 [INFO    ] backups2datalad.py Syncing asset /sub-707296975/sub-707296975_ses-721123822_probe-760213142_ecephys.nwb
2020-10-12T13:24:07-0400 [INFO    ] backups2datalad.py Asset in dataset, and hash shows no modification; will not update
2020-10-12T13:24:07-0400 [INFO    ] backups2datalad.py Syncing asset /sub-707296975/sub-707296975_ses-721123822_probe-760213145_ecephys.nwb
2020-10-12T13:24:07-0400 [INFO    ] backups2datalad.py Asset in dataset, and hash shows no modification; will not update
2020-10-12T13:24:07-0400 [INFO    ] backups2datalad.py Syncing asset /sub-707296975/sub-707296975_ses-721123822_probe-760213147_ecephys.nwb
2020-10-12T13:24:08-0400 [INFO    ] backups2datalad.py Asset in dataset, and hash shows no modification; will not update
2020-10-12T13:24:08-0400 [INFO    ] backups2datalad.py Syncing asset /sub-707296975/sub-707296975_ses-721123822_probe-760213150_ecephys.nwb
2020-10-12T13:24:08-0400 [INFO    ] backups2datalad.py Asset in dataset, and hash shows no modification; will not update
2020-10-12T13:24:08-0400 [INFO    ] backups2datalad.py Syncing asset /sub-707296975/sub-707296975_ses-721123822_probe-760213153_ecephys.nwb
2020-10-12T13:24:08-0400 [INFO    ] backups2datalad.py Asset in dataset, and hash shows no modification; will not update
2020-10-12T13:24:08-0400 [INFO    ] backups2datalad.py Syncing asset /sub-716813540/sub-716813540_ses-739448407.nwb
2020-10-12T13:24:09-0400 [INFO    ] backups2datalad.py Asset in dataset, and hash shows no modification; will not update
2020-10-12T13:24:09-0400 [INFO    ] backups2datalad.py Syncing asset /sub-716813540/sub-716813540_ses-739448407_probe-757968489_ecephys.nwb
2020-10-12T13:24:09-0400 [INFO    ] backups2datalad.py Asset in dataset, and hash shows no modification; will not update
2020-10-12T13:24:09-0400 [INFO    ] backups2datalad.py Syncing asset /sub-716813540/sub-716813540_ses-739448407_probe-757968491_ecephys.nwb
2020-10-12T13:24:09-0400 [INFO    ] backups2datalad.py Asset in dataset, and hash shows no modification; will not update
2020-10-12T13:24:09-0400 [INFO    ] backups2datalad.py Syncing asset /sub-716813540/sub-716813540_ses-739448407_probe-757968493_ecephys.nwb
2020-10-12T13:24:10-0400 [INFO    ] backups2datalad.py Asset in dataset, and hash shows no modification; will not update
2020-10-12T13:24:10-0400 [INFO    ] backups2datalad.py Syncing asset /sub-716813540/sub-716813540_ses-739448407_probe-757968495_ecephys.nwb
2020-10-12T13:24:10-0400 [INFO    ] backups2datalad.py Asset in dataset, and hash shows no modification; will not update
2020-10-12T13:24:10-0400 [INFO    ] backups2datalad.py Syncing asset /sub-716813540/sub-716813540_ses-739448407_probe-757968497_ecephys.nwb
2020-10-12T13:24:11-0400 [INFO    ] backups2datalad.py Asset in dataset, and hash shows no modification; will not update
2020-10-12T13:24:11-0400 [INFO    ] backups2datalad.py Syncing asset /sub-716813540/sub-716813540_ses-739448407_probe-757968499_ecephys.nwb
2020-10-12T13:24:11-0400 [INFO    ] backups2datalad.py Asset in dataset, and hash shows no modification; will not update
2020-10-12T13:24:11-0400 [INFO    ] backups2datalad.py Syncing asset /sub-717038285/sub-717038285_ses-732592105.nwb
2020-10-12T13:24:11-0400 [INFO    ] backups2datalad.py Asset in dataset, and hash shows no modification; will not update
2020-10-12T13:24:11-0400 [INFO    ] backups2datalad.py Syncing asset /sub-717038285/sub-717038285_ses-732592105_probe-733744647_ecephys.nwb
2020-10-12T13:24:12-0400 [INFO    ] backups2datalad.py Asset in dataset, and hash shows no modification; will not update
2020-10-12T13:24:12-0400 [INFO    ] backups2datalad.py Syncing asset /sub-717038285/sub-717038285_ses-732592105_probe-733744649_ecephys.nwb
2020-10-12T13:24:12-0400 [INFO    ] backups2datalad.py Asset in dataset, and hash shows no modification; will not update
2020-10-12T13:24:12-0400 [INFO    ] backups2datalad.py Syncing asset /sub-717038285/sub-717038285_ses-732592105_probe-733744651_ecephys.nwb
2020-10-12T13:24:13-0400 [INFO    ] backups2datalad.py Asset in dataset, and hash shows no modification; will not update
2020-10-12T13:24:13-0400 [INFO    ] backups2datalad.py Syncing asset /sub-717038285/sub-717038285_ses-732592105_probe-733744653_ecephys.nwb
2020-10-12T13:24:13-0400 [INFO    ] backups2datalad.py Asset in dataset, and hash shows no modification; will not update
2020-10-12T13:24:13-0400 [INFO    ] backups2datalad.py Syncing asset /sub-717038285/sub-717038285_ses-732592105_probe-733744655_ecephys.nwb
2020-10-12T13:24:13-0400 [INFO    ] backups2datalad.py Asset in dataset, and hash shows no modification; will not update
2020-10-12T13:24:13-0400 [INFO    ] backups2datalad.py Syncing asset /sub-718643564/sub-718643564_ses-737581020.nwb
2020-10-12T13:24:14-0400 [INFO    ] backups2datalad.py Asset in dataset, and hash shows no modification; will not update
2020-10-12T13:24:14-0400 [INFO    ] backups2datalad.py Syncing asset /sub-718643564/sub-718643564_ses-737581020_probe-757988387_ecephys.nwb
2020-10-12T13:24:14-0400 [INFO    ] backups2datalad.py Asset in dataset, and hash shows no modification; will not update
2020-10-12T13:24:14-0400 [INFO    ] backups2datalad.py Syncing asset /sub-718643564/sub-718643564_ses-737581020_probe-757988389_ecephys.nwb
2020-10-12T13:24:14-0400 [INFO    ] backups2datalad.py Asset in dataset, and hash shows no modification; will not update
2020-10-12T13:24:14-0400 [INFO    ] backups2datalad.py Syncing asset /sub-718643564/sub-718643564_ses-737581020_probe-757988391_ecephys.nwb
2020-10-12T13:24:15-0400 [INFO    ] backups2datalad.py Asset in dataset, and hash shows no modification; will not update
2020-10-12T13:24:15-0400 [INFO    ] backups2datalad.py Syncing asset /sub-718643564/sub-718643564_ses-737581020_probe-757988395_ecephys.nwb
2020-10-12T13:24:15-0400 [INFO    ] backups2datalad.py Asset in dataset, and hash shows no modification; will not update
2020-10-12T13:24:15-0400 [INFO    ] backups2datalad.py Syncing asset /sub-718643564/sub-718643564_ses-737581020_probe-757988398_ecephys.nwb
2020-10-12T13:24:15-0400 [INFO    ] backups2datalad.py Asset in dataset, and hash shows no modification; will not update
2020-10-12T13:24:15-0400 [INFO    ] backups2datalad.py Syncing asset /sub-718643564/sub-718643564_ses-737581020_probe-757988400_ecephys.nwb
2020-10-12T13:24:16-0400 [INFO    ] backups2datalad.py Asset in dataset, and hash shows no modification; will not update
2020-10-12T13:24:16-0400 [INFO    ] backups2datalad.py Syncing asset /sub-719817799/sub-719817799_ses-744228101.nwb
2020-10-12T13:24:16-0400 [INFO    ] backups2datalad.py Asset in dataset, and hash shows no modification; will not update
2020-10-12T13:24:16-0400 [INFO    ] backups2datalad.py Syncing asset /sub-719817799/sub-719817799_ses-744228101_probe-757904508_ecephys.nwb
2020-10-12T13:24:16-0400 [INFO    ] backups2datalad.py Asset in dataset, and hash shows no modification; will not update
2020-10-12T13:24:16-0400 [INFO    ] backups2datalad.py Syncing asset /sub-719817799/sub-719817799_ses-744228101_probe-757904510_ecephys.nwb
2020-10-12T13:24:17-0400 [INFO    ] backups2datalad.py Asset in dataset, and hash shows no modification; will not update
2020-10-12T13:24:17-0400 [INFO    ] backups2datalad.py Syncing asset /sub-719817799/sub-719817799_ses-744228101_probe-757904513_ecephys.nwb
2020-10-12T13:24:17-0400 [INFO    ] backups2datalad.py Asset in dataset, and hash shows no modification; will not update
2020-10-12T13:24:17-0400 [INFO    ] backups2datalad.py Syncing asset /sub-719817799/sub-719817799_ses-744228101_probe-757904516_ecephys.nwb
2020-10-12T13:24:18-0400 [INFO    ] backups2datalad.py Asset in dataset, and hash shows no modification; will not update
2020-10-12T13:24:18-0400 [INFO    ] backups2datalad.py Syncing asset /sub-719817799/sub-719817799_ses-744228101_probe-757904520_ecephys.nwb
2020-10-12T13:24:18-0400 [INFO    ] backups2datalad.py Asset in dataset, and hash shows no modification; will not update
2020-10-12T13:24:18-0400 [INFO    ] backups2datalad.py Syncing asset /sub-719817799/sub-719817799_ses-744228101_probe-757904522_ecephys.nwb
2020-10-12T13:24:18-0400 [INFO    ] backups2datalad.py Asset in dataset, and hash shows no modification; will not update
2020-10-12T13:24:18-0400 [INFO    ] backups2datalad.py Syncing asset /sub-719828686/sub-719828686_ses-754312389.nwb
2020-10-12T13:24:19-0400 [INFO    ] backups2datalad.py Asset in dataset, and hash shows no modification; will not update
2020-10-12T13:24:19-0400 [INFO    ] backups2datalad.py Syncing asset /sub-719828686/sub-719828686_ses-754312389_probe-756781553_ecephys.nwb
2020-10-12T13:24:19-0400 [INFO    ] backups2datalad.py Asset in dataset, and hash shows no modification; will not update
2020-10-12T13:24:19-0400 [INFO    ] backups2datalad.py Syncing asset /sub-719828686/sub-719828686_ses-754312389_probe-756781555_ecephys.nwb
2020-10-12T13:24:19-0400 [INFO    ] backups2datalad.py Asset in dataset, and hash shows no modification; will not update
2020-10-12T13:24:19-0400 [INFO    ] backups2datalad.py Syncing asset /sub-719828686/sub-719828686_ses-754312389_probe-756781557_ecephys.nwb
2020-10-12T13:24:20-0400 [INFO    ] backups2datalad.py Asset in dataset, and hash shows no modification; will not update
2020-10-12T13:24:20-0400 [INFO    ] backups2datalad.py Syncing asset /sub-719828686/sub-719828686_ses-754312389_probe-756781559_ecephys.nwb
2020-10-12T13:24:20-0400 [INFO    ] backups2datalad.py Asset in dataset, and hash shows no modification; will not update
2020-10-12T13:24:20-0400 [INFO    ] backups2datalad.py Syncing asset /sub-719828686/sub-719828686_ses-754312389_probe-756781561_ecephys.nwb
2020-10-12T13:24:21-0400 [INFO    ] backups2datalad.py Asset in dataset, and hash shows no modification; will not update
2020-10-12T13:24:21-0400 [INFO    ] backups2datalad.py Syncing asset /sub-719828686/sub-719828686_ses-754312389_probe-756781563_ecephys.nwb
2020-10-12T13:24:21-0400 [INFO    ] backups2datalad.py Asset in dataset, and hash shows no modification; will not update
2020-10-12T13:24:21-0400 [INFO    ] backups2datalad.py Syncing asset /sub-722882751/sub-722882751_ses-743475441.nwb
2020-10-12T13:24:21-0400 [INFO    ] backups2datalad.py Asset in dataset, and hash shows no modification; will not update
2020-10-12T13:24:21-0400 [INFO    ] backups2datalad.py Syncing asset /sub-722882751/sub-722882751_ses-743475441_probe-769325777_ecephys.nwb
2020-10-12T13:24:22-0400 [INFO    ] backups2datalad.py Asset in dataset, and hash shows no modification; will not update
2020-10-12T13:24:22-0400 [INFO    ] backups2datalad.py Syncing asset /sub-722882751/sub-722882751_ses-743475441_probe-769325781_ecephys.nwb
2020-10-12T13:24:22-0400 [INFO    ] backups2datalad.py Asset in dataset, and hash shows no modification; will not update
2020-10-12T13:24:22-0400 [INFO    ] backups2datalad.py Syncing asset /sub-722882751/sub-722882751_ses-743475441_probe-769325786_ecephys.nwb
2020-10-12T13:24:22-0400 [INFO    ] backups2datalad.py Asset in dataset, and hash shows no modification; will not update
2020-10-12T13:24:22-0400 [INFO    ] backups2datalad.py Syncing asset /sub-722882751/sub-722882751_ses-743475441_probe-769326325_ecephys.nwb
2020-10-12T13:24:23-0400 [INFO    ] backups2datalad.py Asset in dataset, and hash shows no modification; will not update
2020-10-12T13:24:23-0400 [INFO    ] backups2datalad.py Syncing asset /sub-722882751/sub-722882751_ses-743475441_probe-769326329_ecephys.nwb
2020-10-12T13:24:23-0400 [INFO    ] backups2datalad.py Asset in dataset, and hash shows no modification; will not update
2020-10-12T13:24:23-0400 [INFO    ] backups2datalad.py Syncing asset /sub-722882751/sub-722882751_ses-743475441_probe-769326332_ecephys.nwb
2020-10-12T13:24:24-0400 [INFO    ] backups2datalad.py Asset in dataset, and hash shows no modification; will not update
2020-10-12T13:24:24-0400 [INFO    ] backups2datalad.py Syncing asset /sub-723627600/sub-723627600_ses-742951821.nwb
2020-10-12T13:24:24-0400 [INFO    ] backups2datalad.py Asset in dataset, and hash shows no modification; will not update
2020-10-12T13:24:24-0400 [INFO    ] backups2datalad.py Syncing asset /sub-723627600/sub-723627600_ses-742951821_probe-769322712_ecephys.nwb
2020-10-12T13:24:24-0400 [INFO    ] backups2datalad.py Asset in dataset, and hash shows no modification; will not update
2020-10-12T13:24:24-0400 [INFO    ] backups2datalad.py Syncing asset /sub-723627600/sub-723627600_ses-742951821_probe-769322714_ecephys.nwb
2020-10-12T13:24:25-0400 [INFO    ] backups2datalad.py Asset in dataset, and hash shows no modification; will not update
2020-10-12T13:24:25-0400 [INFO    ] backups2datalad.py Syncing asset /sub-723627600/sub-723627600_ses-742951821_probe-769322716_ecephys.nwb
2020-10-12T13:24:25-0400 [INFO    ] backups2datalad.py Asset in dataset, and hash shows no modification; will not update
2020-10-12T13:24:25-0400 [INFO    ] backups2datalad.py Syncing asset /sub-723627600/sub-723627600_ses-742951821_probe-769322718_ecephys.nwb
2020-10-12T13:24:25-0400 [INFO    ] backups2datalad.py Asset in dataset, and hash shows no modification; will not update
2020-10-12T13:24:25-0400 [INFO    ] backups2datalad.py Syncing asset /sub-723627600/sub-723627600_ses-742951821_probe-769322720_ecephys.nwb
2020-10-12T13:24:26-0400 [INFO    ] backups2datalad.py Asset in dataset, and hash shows no modification; will not update
2020-10-12T13:24:26-0400 [INFO    ] backups2datalad.py Syncing asset /sub-723627600/sub-723627600_ses-742951821_probe-769322722_ecephys.nwb
2020-10-12T13:24:26-0400 [INFO    ] backups2datalad.py Asset in dataset, and hash shows no modification; will not update
2020-10-12T13:24:26-0400 [INFO    ] backups2datalad.py Syncing asset /sub-726141242/sub-726141242_ses-750332458.nwb
2020-10-12T13:24:27-0400 [INFO    ] backups2datalad.py Asset in dataset, and hash shows no modification; will not update
2020-10-12T13:24:27-0400 [INFO    ] backups2datalad.py Syncing asset /sub-726141242/sub-726141242_ses-750332458_probe-757904545_ecephys.nwb
2020-10-12T13:24:27-0400 [INFO    ] backups2datalad.py Asset in dataset, and hash shows no modification; will not update
2020-10-12T13:24:27-0400 [INFO    ] backups2datalad.py Syncing asset /sub-726141242/sub-726141242_ses-750332458_probe-757904547_ecephys.nwb
2020-10-12T13:24:27-0400 [INFO    ] backups2datalad.py Asset in dataset, and hash shows no modification; will not update
2020-10-12T13:24:27-0400 [INFO    ] backups2datalad.py Syncing asset /sub-726141242/sub-726141242_ses-750332458_probe-757904550_ecephys.nwb
2020-10-12T13:24:28-0400 [INFO    ] backups2datalad.py Asset in dataset, and hash shows no modification; will not update
2020-10-12T13:24:28-0400 [INFO    ] backups2datalad.py Syncing asset /sub-726141242/sub-726141242_ses-750332458_probe-757904554_ecephys.nwb
2020-10-12T13:24:28-0400 [INFO    ] backups2datalad.py Asset in dataset, and hash shows no modification; will not update
2020-10-12T13:24:28-0400 [INFO    ] backups2datalad.py Syncing asset /sub-726141242/sub-726141242_ses-750332458_probe-757904557_ecephys.nwb
2020-10-12T13:24:28-0400 [INFO    ] backups2datalad.py Asset in dataset, and hash shows no modification; will not update
2020-10-12T13:24:28-0400 [INFO    ] backups2datalad.py Syncing asset /sub-726141242/sub-726141242_ses-750332458_probe-757904559_ecephys.nwb
2020-10-12T13:24:29-0400 [INFO    ] backups2datalad.py Asset in dataset, and hash shows no modification; will not update
2020-10-12T13:24:29-0400 [INFO    ] backups2datalad.py Syncing asset /sub-726162193/sub-726162193_ses-750749662.nwb
2020-10-12T13:24:29-0400 [INFO    ] backups2datalad.py Asset in dataset, and hash shows no modification; will not update
2020-10-12T13:24:29-0400 [INFO    ] backups2datalad.py Syncing asset /sub-726162193/sub-726162193_ses-750749662_probe-769322802_ecephys.nwb
2020-10-12T13:24:30-0400 [INFO    ] backups2datalad.py Asset in dataset, and hash shows no modification; will not update
2020-10-12T13:24:30-0400 [INFO    ] backups2datalad.py Syncing asset /sub-726162193/sub-726162193_ses-750749662_probe-769322804_ecephys.nwb
2020-10-12T13:24:30-0400 [INFO    ] backups2datalad.py Asset in dataset, and hash shows no modification; will not update
2020-10-12T13:24:30-0400 [INFO    ] backups2datalad.py Syncing asset /sub-726162193/sub-726162193_ses-750749662_probe-769322806_ecephys.nwb
2020-10-12T13:24:30-0400 [INFO    ] backups2datalad.py Asset in dataset, and hash shows no modification; will not update
2020-10-12T13:24:30-0400 [INFO    ] backups2datalad.py Syncing asset /sub-726162193/sub-726162193_ses-750749662_probe-769322808_ecephys.nwb
2020-10-12T13:24:31-0400 [INFO    ] backups2datalad.py Asset in dataset, and hash shows no modification; will not update
2020-10-12T13:24:31-0400 [INFO    ] backups2datalad.py Syncing asset /sub-726162193/sub-726162193_ses-750749662_probe-769322810_ecephys.nwb
2020-10-12T13:24:31-0400 [INFO    ] backups2datalad.py Asset in dataset, and hash shows no modification; will not update
2020-10-12T13:24:31-0400 [INFO    ] backups2datalad.py Syncing asset /sub-726162193/sub-726162193_ses-750749662_probe-769322812_ecephys.nwb
2020-10-12T13:24:31-0400 [INFO    ] backups2datalad.py Asset in dataset, and hash shows no modification; will not update
2020-10-12T13:24:31-0400 [INFO    ] backups2datalad.py Syncing asset /sub-726170927/sub-726170927_ses-746083955.nwb
2020-10-12T13:24:32-0400 [INFO    ] backups2datalad.py Asset in dataset, and hash shows no modification; will not update
2020-10-12T13:24:32-0400 [INFO    ] backups2datalad.py Syncing asset /sub-726170927/sub-726170927_ses-746083955_probe-760647905_ecephys.nwb
2020-10-12T13:24:32-0400 [INFO    ] backups2datalad.py Asset in dataset, and hash shows no modification; will not update
2020-10-12T13:24:32-0400 [INFO    ] backups2datalad.py Syncing asset /sub-726170927/sub-726170927_ses-746083955_probe-760647907_ecephys.nwb
2020-10-12T13:24:33-0400 [INFO    ] backups2datalad.py Asset in dataset, and hash shows no modification; will not update
2020-10-12T13:24:33-0400 [INFO    ] backups2datalad.py Syncing asset /sub-726170927/sub-726170927_ses-746083955_probe-760647909_ecephys.nwb
2020-10-12T13:24:33-0400 [INFO    ] backups2datalad.py Asset in dataset, and hash shows no modification; will not update
2020-10-12T13:24:33-0400 [INFO    ] backups2datalad.py Syncing asset /sub-726170927/sub-726170927_ses-746083955_probe-760647911_ecephys.nwb
2020-10-12T13:24:33-0400 [INFO    ] backups2datalad.py Asset in dataset, and hash shows no modification; will not update
2020-10-12T13:24:33-0400 [INFO    ] backups2datalad.py Syncing asset /sub-726170927/sub-726170927_ses-746083955_probe-760647913_ecephys.nwb
2020-10-12T13:24:34-0400 [INFO    ] backups2datalad.py Asset in dataset, and hash shows no modification; will not update
2020-10-12T13:24:34-0400 [INFO    ] backups2datalad.py Syncing asset /sub-726170927/sub-726170927_ses-746083955_probe-760647915_ecephys.nwb
2020-10-12T13:24:34-0400 [INFO    ] backups2datalad.py Asset in dataset, and hash shows no modification; will not update
2020-10-12T13:24:34-0400 [INFO    ] backups2datalad.py Syncing asset /sub-726298249/sub-726298249_ses-754829445.nwb
2020-10-12T13:24:34-0400 [INFO    ] backups2datalad.py Asset in dataset, and hash shows no modification; will not update
2020-10-12T13:24:34-0400 [INFO    ] backups2datalad.py Syncing asset /sub-726298249/sub-726298249_ses-754829445_probe-760640033_ecephys.nwb
2020-10-12T13:24:35-0400 [INFO    ] backups2datalad.py Asset in dataset, and hash shows no modification; will not update
2020-10-12T13:24:35-0400 [INFO    ] backups2datalad.py Syncing asset /sub-726298249/sub-726298249_ses-754829445_probe-760640037_ecephys.nwb
2020-10-12T13:24:35-0400 [INFO    ] backups2datalad.py Asset in dataset, and hash shows no modification; will not update
2020-10-12T13:24:35-0400 [INFO    ] backups2datalad.py Syncing asset /sub-726298249/sub-726298249_ses-754829445_probe-760640039_ecephys.nwb
2020-10-12T13:24:35-0400 [INFO    ] backups2datalad.py Asset in dataset, and hash shows no modification; will not update
2020-10-12T13:24:35-0400 [INFO    ] backups2datalad.py Syncing asset /sub-726298249/sub-726298249_ses-754829445_probe-760640043_ecephys.nwb
2020-10-12T13:24:36-0400 [INFO    ] backups2datalad.py Asset in dataset, and hash shows no modification; will not update
2020-10-12T13:24:36-0400 [INFO    ] backups2datalad.py Syncing asset /sub-726298249/sub-726298249_ses-754829445_probe-760640049_ecephys.nwb
2020-10-12T13:24:36-0400 [INFO    ] backups2datalad.py Asset in dataset, and hash shows no modification; will not update
2020-10-12T13:24:36-0400 [INFO    ] backups2datalad.py Syncing asset /sub-730756767/sub-730756767_ses-757970808.nwb
2020-10-12T13:24:36-0400 [INFO    ] backups2datalad.py Asset in dataset, and hash shows no modification; will not update
2020-10-12T13:24:36-0400 [INFO    ] backups2datalad.py Syncing asset /sub-730756767/sub-730756767_ses-757970808_probe-769322852_ecephys.nwb
2020-10-12T13:24:37-0400 [INFO    ] backups2datalad.py Asset in dataset, and hash shows no modification; will not update
2020-10-12T13:24:37-0400 [INFO    ] backups2datalad.py Syncing asset /sub-730756767/sub-730756767_ses-757970808_probe-769322856_ecephys.nwb
2020-10-12T13:24:37-0400 [INFO    ] backups2datalad.py Asset in dataset, and hash shows no modification; will not update
2020-10-12T13:24:37-0400 [INFO    ] backups2datalad.py Syncing asset /sub-730756767/sub-730756767_ses-757970808_probe-769322858_ecephys.nwb
2020-10-12T13:24:37-0400 [INFO    ] backups2datalad.py Asset in dataset, and hash shows no modification; will not update
2020-10-12T13:24:37-0400 [INFO    ] backups2datalad.py Syncing asset /sub-730756767/sub-730756767_ses-757970808_probe-769322860_ecephys.nwb
2020-10-12T13:24:38-0400 [INFO    ] backups2datalad.py Asset in dataset, and hash shows no modification; will not update
2020-10-12T13:24:38-0400 [INFO    ] backups2datalad.py Syncing asset /sub-730756767/sub-730756767_ses-757970808_probe-769322862_ecephys.nwb
2020-10-12T13:24:38-0400 [INFO    ] backups2datalad.py Asset in dataset, and hash shows no modification; will not update
2020-10-12T13:24:38-0400 [INFO    ] backups2datalad.py Syncing asset /sub-730760263/sub-730760263_ses-755434585.nwb
2020-10-12T13:24:39-0400 [INFO    ] backups2datalad.py Asset in dataset, and hash shows no modification; will not update
2020-10-12T13:24:39-0400 [INFO    ] backups2datalad.py Syncing asset /sub-730760263/sub-730760263_ses-755434585_probe-760642621_ecephys.nwb
2020-10-12T13:24:39-0400 [INFO    ] backups2datalad.py Asset in dataset, and hash shows no modification; will not update
2020-10-12T13:24:39-0400 [INFO    ] backups2datalad.py Syncing asset /sub-730760263/sub-730760263_ses-755434585_probe-760642624_ecephys.nwb
2020-10-12T13:24:39-0400 [INFO    ] backups2datalad.py Asset in dataset, and hash shows no modification; will not update
2020-10-12T13:24:39-0400 [INFO    ] backups2datalad.py Syncing asset /sub-730760263/sub-730760263_ses-755434585_probe-760642628_ecephys.nwb
2020-10-12T13:24:40-0400 [INFO    ] backups2datalad.py Asset in dataset, and hash shows no modification; will not update
2020-10-12T13:24:40-0400 [INFO    ] backups2datalad.py Syncing asset /sub-730760263/sub-730760263_ses-755434585_probe-760642631_ecephys.nwb
2020-10-12T13:24:40-0400 [INFO    ] backups2datalad.py Asset in dataset, and hash shows no modification; will not update
2020-10-12T13:24:40-0400 [INFO    ] backups2datalad.py Syncing asset /sub-730760263/sub-730760263_ses-755434585_probe-760642634_ecephys.nwb
2020-10-12T13:24:41-0400 [INFO    ] backups2datalad.py Asset in dataset, and hash shows no modification; will not update
2020-10-12T13:24:41-0400 [INFO    ] backups2datalad.py Syncing asset /sub-730760263/sub-730760263_ses-755434585_probe-760642637_ecephys.nwb
2020-10-12T13:24:41-0400 [INFO    ] backups2datalad.py Asset in dataset, and hash shows no modification; will not update
2020-10-12T13:24:41-0400 [INFO    ] backups2datalad.py Syncing asset /sub-732548371/sub-732548371_ses-751348571.nwb
2020-10-12T13:24:41-0400 [INFO    ] backups2datalad.py Asset in dataset, and hash shows no modification; will not update
2020-10-12T13:24:41-0400 [INFO    ] backups2datalad.py Syncing asset /sub-732548371/sub-732548371_ses-751348571_probe-757984813_ecephys.nwb
2020-10-12T13:24:42-0400 [INFO    ] backups2datalad.py Asset in dataset, and hash shows no modification; will not update
2020-10-12T13:24:42-0400 [INFO    ] backups2datalad.py Syncing asset /sub-732548371/sub-732548371_ses-751348571_probe-757984818_ecephys.nwb
2020-10-12T13:24:42-0400 [INFO    ] backups2datalad.py Asset in dataset, and hash shows no modification; will not update
2020-10-12T13:24:42-0400 [INFO    ] backups2datalad.py Syncing asset /sub-732548371/sub-732548371_ses-751348571_probe-757984820_ecephys.nwb
2020-10-12T13:24:42-0400 [INFO    ] backups2datalad.py Asset in dataset, and hash shows no modification; will not update
2020-10-12T13:24:42-0400 [INFO    ] backups2datalad.py Syncing asset /sub-732548371/sub-732548371_ses-751348571_probe-757984822_ecephys.nwb
2020-10-12T13:24:43-0400 [INFO    ] backups2datalad.py Asset in dataset, and hash shows no modification; will not update
2020-10-12T13:24:43-0400 [INFO    ] backups2datalad.py Syncing asset /sub-732548371/sub-732548371_ses-751348571_probe-757984826_ecephys.nwb
2020-10-12T13:24:43-0400 [INFO    ] backups2datalad.py Asset in dataset, and hash shows no modification; will not update
2020-10-12T13:24:43-0400 [INFO    ] backups2datalad.py Syncing asset /sub-732548371/sub-732548371_ses-751348571_probe-757984830_ecephys.nwb
2020-10-12T13:24:44-0400 [INFO    ] backups2datalad.py Asset in dataset, and hash shows no modification; will not update
2020-10-12T13:24:44-0400 [INFO    ] backups2datalad.py Syncing asset /sub-733457986/sub-733457986_ses-757216464.nwb
2020-10-12T13:24:44-0400 [INFO    ] backups2datalad.py Asset in dataset, and hash shows no modification; will not update
2020-10-12T13:24:44-0400 [INFO    ] backups2datalad.py Syncing asset /sub-733457986/sub-733457986_ses-757216464_probe-769322745_ecephys.nwb
2020-10-12T13:24:44-0400 [INFO    ] backups2datalad.py Asset in dataset, and hash shows no modification; will not update
2020-10-12T13:24:44-0400 [INFO    ] backups2datalad.py Syncing asset /sub-733457986/sub-733457986_ses-757216464_probe-769322747_ecephys.nwb
2020-10-12T13:24:45-0400 [INFO    ] backups2datalad.py Asset in dataset, and hash shows no modification; will not update
2020-10-12T13:24:45-0400 [INFO    ] backups2datalad.py Syncing asset /sub-733457986/sub-733457986_ses-757216464_probe-769322749_ecephys.nwb
2020-10-12T13:24:45-0400 [INFO    ] backups2datalad.py Asset in dataset, and hash shows no modification; will not update
2020-10-12T13:24:45-0400 [INFO    ] backups2datalad.py Syncing asset /sub-733457986/sub-733457986_ses-757216464_probe-769322751_ecephys.nwb
2020-10-12T13:24:45-0400 [INFO    ] backups2datalad.py Asset in dataset, and hash shows no modification; will not update
2020-10-12T13:24:45-0400 [INFO    ] backups2datalad.py Syncing asset /sub-733457986/sub-733457986_ses-757216464_probe-769322753_ecephys.nwb
2020-10-12T13:24:46-0400 [INFO    ] backups2datalad.py Asset in dataset, and hash shows no modification; will not update
2020-10-12T13:24:46-0400 [INFO    ] backups2datalad.py Syncing asset /sub-733457986/sub-733457986_ses-757216464_probe-769322755_ecephys.nwb
2020-10-12T13:24:46-0400 [INFO    ] backups2datalad.py Asset in dataset, and hash shows no modification; will not update
2020-10-12T13:24:46-0400 [INFO    ] backups2datalad.py Syncing asset /sub-734865729/sub-734865729_ses-756029989.nwb
2020-10-12T13:24:46-0400 [INFO    ] backups2datalad.py Asset in dataset, and hash shows no modification; will not update
2020-10-12T13:24:46-0400 [INFO    ] backups2datalad.py Syncing asset /sub-734865729/sub-734865729_ses-756029989_probe-760640083_ecephys.nwb
2020-10-12T13:24:47-0400 [INFO    ] backups2datalad.py Asset in dataset, and hash shows no modification; will not update
2020-10-12T13:24:47-0400 [INFO    ] backups2datalad.py Syncing asset /sub-734865729/sub-734865729_ses-756029989_probe-760640087_ecephys.nwb
2020-10-12T13:24:47-0400 [INFO    ] backups2datalad.py Asset in dataset, and hash shows no modification; will not update
2020-10-12T13:24:47-0400 [INFO    ] backups2datalad.py Syncing asset /sub-734865729/sub-734865729_ses-756029989_probe-760640090_ecephys.nwb
2020-10-12T13:24:47-0400 [INFO    ] backups2datalad.py Asset in dataset, and hash shows no modification; will not update
2020-10-12T13:24:47-0400 [INFO    ] backups2datalad.py Syncing asset /sub-734865729/sub-734865729_ses-756029989_probe-760640094_ecephys.nwb
2020-10-12T13:24:48-0400 [INFO    ] backups2datalad.py Asset in dataset, and hash shows no modification; will not update
2020-10-12T13:24:48-0400 [INFO    ] backups2datalad.py Syncing asset /sub-734865729/sub-734865729_ses-756029989_probe-760640097_ecephys.nwb
2020-10-12T13:24:48-0400 [INFO    ] backups2datalad.py Asset in dataset, and hash shows no modification; will not update
2020-10-12T13:24:48-0400 [INFO    ] backups2datalad.py Syncing asset /sub-734865729/sub-734865729_ses-756029989_probe-760640104_ecephys.nwb
2020-10-12T13:24:49-0400 [INFO    ] backups2datalad.py Asset in dataset, and hash shows no modification; will not update
2020-10-12T13:24:49-0400 [INFO    ] backups2datalad.py Syncing asset /sub-735109599/sub-735109599_ses-758798717.nwb
2020-10-12T13:24:49-0400 [INFO    ] backups2datalad.py Asset in dataset, and hash shows no modification; will not update
2020-10-12T13:24:49-0400 [INFO    ] backups2datalad.py Syncing asset /sub-735109599/sub-735109599_ses-758798717_probe-770930067_ecephys.nwb
2020-10-12T13:24:49-0400 [INFO    ] backups2datalad.py Asset in dataset, and hash shows no modification; will not update
2020-10-12T13:24:49-0400 [INFO    ] backups2datalad.py Syncing asset /sub-735109599/sub-735109599_ses-758798717_probe-770930071_ecephys.nwb
2020-10-12T13:24:50-0400 [INFO    ] backups2datalad.py Asset in dataset, and hash shows no modification; will not update
2020-10-12T13:24:50-0400 [INFO    ] backups2datalad.py Syncing asset /sub-735109599/sub-735109599_ses-758798717_probe-770930073_ecephys.nwb
2020-10-12T13:24:50-0400 [INFO    ] backups2datalad.py Asset in dataset, and hash shows no modification; will not update
2020-10-12T13:24:50-0400 [INFO    ] backups2datalad.py Syncing asset /sub-735109599/sub-735109599_ses-758798717_probe-770930077_ecephys.nwb
2020-10-12T13:24:50-0400 [INFO    ] backups2datalad.py Asset in dataset, and hash shows no modification; will not update
2020-10-12T13:24:50-0400 [INFO    ] backups2datalad.py Syncing asset /sub-738651046/sub-738651046_ses-760693773.nwb
2020-10-12T13:24:51-0400 [INFO    ] backups2datalad.py Asset in dataset, and hash shows no modification; will not update
2020-10-12T13:24:51-0400 [INFO    ] backups2datalad.py Syncing asset /sub-738651046/sub-738651046_ses-760693773_probe-769322820_ecephys.nwb
2020-10-12T13:24:51-0400 [INFO    ] backups2datalad.py Asset in dataset, and hash shows no modification; will not update
2020-10-12T13:24:51-0400 [INFO    ] backups2datalad.py Syncing asset /sub-738651046/sub-738651046_ses-760693773_probe-769322824_ecephys.nwb
2020-10-12T13:24:52-0400 [INFO    ] backups2datalad.py Asset in dataset, and hash shows no modification; will not update
2020-10-12T13:24:52-0400 [INFO    ] backups2datalad.py Syncing asset /sub-738651046/sub-738651046_ses-760693773_probe-769322827_ecephys.nwb
2020-10-12T13:24:52-0400 [INFO    ] backups2datalad.py Asset in dataset, and hash shows no modification; will not update
2020-10-12T13:24:52-0400 [INFO    ] backups2datalad.py Syncing asset /sub-738651046/sub-738651046_ses-760693773_probe-769322829_ecephys.nwb
2020-10-12T13:24:52-0400 [INFO    ] backups2datalad.py Asset in dataset, and hash shows no modification; will not update
2020-10-12T13:24:52-0400 [INFO    ] backups2datalad.py Syncing asset /sub-738651046/sub-738651046_ses-760693773_probe-769322831_ecephys.nwb
2020-10-12T13:24:53-0400 [INFO    ] backups2datalad.py Asset in dataset, and hash shows no modification; will not update
2020-10-12T13:24:53-0400 [INFO    ] backups2datalad.py Syncing asset /sub-738651046/sub-738651046_ses-760693773_probe-769322833_ecephys.nwb
2020-10-12T13:24:53-0400 [INFO    ] backups2datalad.py Asset in dataset, and hash shows no modification; will not update
2020-10-12T13:24:53-0400 [INFO    ] backups2datalad.py Syncing asset /sub-739783158/sub-739783158_ses-760345702.nwb
2020-10-12T13:24:54-0400 [INFO    ] backups2datalad.py Asset in dataset, and hash shows no modification; will not update
2020-10-12T13:24:54-0400 [INFO    ] backups2datalad.py Syncing asset /sub-739783158/sub-739783158_ses-760345702_probe-810753195_ecephys.nwb
2020-10-12T13:24:54-0400 [INFO    ] backups2datalad.py Asset in dataset, and hash shows no modification; will not update
2020-10-12T13:24:54-0400 [INFO    ] backups2datalad.py Syncing asset /sub-739783158/sub-739783158_ses-760345702_probe-810753197_ecephys.nwb
2020-10-12T13:24:54-0400 [INFO    ] backups2datalad.py Asset in dataset, and hash shows no modification; will not update
2020-10-12T13:24:54-0400 [INFO    ] backups2datalad.py Syncing asset /sub-739783158/sub-739783158_ses-760345702_probe-810753199_ecephys.nwb
2020-10-12T13:24:55-0400 [INFO    ] backups2datalad.py Asset in dataset, and hash shows no modification; will not update
2020-10-12T13:24:55-0400 [INFO    ] backups2datalad.py Syncing asset /sub-739783158/sub-739783158_ses-760345702_probe-810753201_ecephys.nwb
2020-10-12T13:24:55-0400 [INFO    ] backups2datalad.py Asset in dataset, and hash shows no modification; will not update
2020-10-12T13:24:55-0400 [INFO    ] backups2datalad.py Syncing asset /sub-739783158/sub-739783158_ses-760345702_probe-810753203_ecephys.nwb
2020-10-12T13:24:55-0400 [INFO    ] backups2datalad.py Asset in dataset, and hash shows no modification; will not update
2020-10-12T13:24:55-0400 [INFO    ] backups2datalad.py Syncing asset /sub-740268983/sub-740268983_ses-759883607.nwb
2020-10-12T13:24:56-0400 [INFO    ] backups2datalad.py Asset in dataset, and hash shows no modification; will not update
2020-10-12T13:24:56-0400 [INFO    ] backups2datalad.py Syncing asset /sub-740268983/sub-740268983_ses-759883607_probe-769322785_ecephys.nwb
2020-10-12T13:24:56-0400 [INFO    ] backups2datalad.py Asset in dataset, and hash shows no modification; will not update
2020-10-12T13:24:56-0400 [INFO    ] backups2datalad.py Syncing asset /sub-740268983/sub-740268983_ses-759883607_probe-769322789_ecephys.nwb
2020-10-12T13:24:56-0400 [INFO    ] backups2datalad.py Asset in dataset, and hash shows no modification; will not update
2020-10-12T13:24:56-0400 [INFO    ] backups2datalad.py Syncing asset /sub-740268983/sub-740268983_ses-759883607_probe-769322793_ecephys.nwb
2020-10-12T13:24:57-0400 [INFO    ] backups2datalad.py Asset in dataset, and hash shows no modification; will not update
2020-10-12T13:24:57-0400 [INFO    ] backups2datalad.py Syncing asset /sub-740268983/sub-740268983_ses-759883607_probe-769322797_ecephys.nwb
2020-10-12T13:24:57-0400 [INFO    ] backups2datalad.py Asset in dataset, and hash shows no modification; will not update
2020-10-12T13:24:57-0400 [INFO    ] backups2datalad.py Syncing asset /sub-742602884/sub-742602884_ses-763673393.nwb
2020-10-12T13:24:57-0400 [INFO    ] backups2datalad.py Asset in dataset, and hash shows no modification; will not update
2020-10-12T13:24:57-0400 [INFO    ] backups2datalad.py Syncing asset /sub-742602884/sub-742602884_ses-763673393_probe-773463013_ecephys.nwb
2020-10-12T13:24:58-0400 [INFO    ] backups2datalad.py Asset in dataset, and hash shows no modification; will not update
2020-10-12T13:24:58-0400 [INFO    ] backups2datalad.py Syncing asset /sub-742602884/sub-742602884_ses-763673393_probe-773463015_ecephys.nwb
2020-10-12T13:24:58-0400 [INFO    ] backups2datalad.py Asset in dataset, and hash shows no modification; will not update
2020-10-12T13:24:58-0400 [INFO    ] backups2datalad.py Syncing asset /sub-742602884/sub-742602884_ses-763673393_probe-773463017_ecephys.nwb
2020-10-12T13:24:59-0400 [INFO    ] backups2datalad.py Asset in dataset, and hash shows no modification; will not update
2020-10-12T13:24:59-0400 [INFO    ] backups2datalad.py Syncing asset /sub-742602884/sub-742602884_ses-763673393_probe-773463019_ecephys.nwb
2020-10-12T13:24:59-0400 [INFO    ] backups2datalad.py Asset in dataset, and hash shows no modification; will not update
2020-10-12T13:24:59-0400 [INFO    ] backups2datalad.py Syncing asset /sub-742602884/sub-742602884_ses-763673393_probe-773463026_ecephys.nwb
2020-10-12T13:24:59-0400 [INFO    ] backups2datalad.py Asset in dataset, and hash shows no modification; will not update
2020-10-12T13:24:59-0400 [INFO    ] backups2datalad.py Syncing asset /sub-742714472/sub-742714472_ses-761418226.nwb
2020-10-12T13:25:00-0400 [INFO    ] backups2datalad.py Asset in dataset, and hash shows no modification; will not update
2020-10-12T13:25:00-0400 [INFO    ] backups2datalad.py Syncing asset /sub-742714472/sub-742714472_ses-761418226_probe-768908579_ecephys.nwb
2020-10-12T13:25:00-0400 [INFO    ] backups2datalad.py Asset in dataset, and hash shows no modification; will not update
2020-10-12T13:25:00-0400 [INFO    ] backups2datalad.py Syncing asset /sub-742714472/sub-742714472_ses-761418226_probe-768908582_ecephys.nwb
2020-10-12T13:25:00-0400 [INFO    ] backups2datalad.py Asset in dataset, and hash shows no modification; will not update
2020-10-12T13:25:00-0400 [INFO    ] backups2datalad.py Syncing asset /sub-742714472/sub-742714472_ses-761418226_probe-768908585_ecephys.nwb
2020-10-12T13:25:01-0400 [INFO    ] backups2datalad.py Asset in dataset, and hash shows no modification; will not update
2020-10-12T13:25:01-0400 [INFO    ] backups2datalad.py Syncing asset /sub-742714472/sub-742714472_ses-761418226_probe-768908587_ecephys.nwb
2020-10-12T13:25:01-0400 [INFO    ] backups2datalad.py Asset in dataset, and hash shows no modification; will not update
2020-10-12T13:25:01-0400 [INFO    ] backups2datalad.py Syncing asset /sub-742714472/sub-742714472_ses-761418226_probe-768908589_ecephys.nwb
2020-10-12T13:25:02-0400 [INFO    ] backups2datalad.py Asset in dataset, and hash shows no modification; will not update
2020-10-12T13:25:02-0400 [INFO    ] backups2datalad.py Syncing asset /sub-742714472/sub-742714472_ses-761418226_probe-768908591_ecephys.nwb
2020-10-12T13:25:02-0400 [INFO    ] backups2datalad.py Asset in dataset, and hash shows no modification; will not update
2020-10-12T13:25:02-0400 [INFO    ] backups2datalad.py Syncing asset /sub-744915196/sub-744915196_ses-762602078.nwb
2020-10-12T13:25:02-0400 [INFO    ] backups2datalad.py Asset in dataset, and hash shows no modification; will not update
2020-10-12T13:25:02-0400 [INFO    ] backups2datalad.py Syncing asset /sub-744915196/sub-744915196_ses-762602078_probe-768909178_ecephys.nwb
2020-10-12T13:25:03-0400 [INFO    ] backups2datalad.py Asset in dataset, and hash shows no modification; will not update
2020-10-12T13:25:03-0400 [INFO    ] backups2datalad.py Syncing asset /sub-744915196/sub-744915196_ses-762602078_probe-768909180_ecephys.nwb
2020-10-12T13:25:03-0400 [INFO    ] backups2datalad.py Asset in dataset, and hash shows no modification; will not update
2020-10-12T13:25:03-0400 [INFO    ] backups2datalad.py Syncing asset /sub-744915196/sub-744915196_ses-762602078_probe-768909182_ecephys.nwb
2020-10-12T13:25:04-0400 [INFO    ] backups2datalad.py Asset in dataset, and hash shows no modification; will not update
2020-10-12T13:25:04-0400 [INFO    ] backups2datalad.py Syncing asset /sub-744915196/sub-744915196_ses-762602078_probe-768909184_ecephys.nwb
2020-10-12T13:25:04-0400 [INFO    ] backups2datalad.py Asset in dataset, and hash shows no modification; will not update
2020-10-12T13:25:04-0400 [INFO    ] backups2datalad.py Syncing asset /sub-744915196/sub-744915196_ses-762602078_probe-768909186_ecephys.nwb
2020-10-12T13:25:04-0400 [INFO    ] backups2datalad.py Asset in dataset, and hash shows no modification; will not update
2020-10-12T13:25:04-0400 [INFO    ] backups2datalad.py Syncing asset /sub-744915196/sub-744915196_ses-762602078_probe-768909188_ecephys.nwb
2020-10-12T13:25:05-0400 [INFO    ] backups2datalad.py Asset in dataset, and hash shows no modification; will not update
2020-10-12T13:25:05-0400 [INFO    ] backups2datalad.py Syncing asset /sub-745276220/sub-745276220_ses-762120172.nwb
2020-10-12T13:25:05-0400 [INFO    ] backups2datalad.py Asset in dataset, and hash shows no modification; will not update
2020-10-12T13:25:05-0400 [INFO    ] backups2datalad.py Syncing asset /sub-745276220/sub-745276220_ses-762120172_probe-768908145_ecephys.nwb
2020-10-12T13:25:05-0400 [INFO    ] backups2datalad.py Asset in dataset, and hash shows no modification; will not update
2020-10-12T13:25:05-0400 [INFO    ] backups2datalad.py Syncing asset /sub-745276220/sub-745276220_ses-762120172_probe-768908148_ecephys.nwb
2020-10-12T13:25:06-0400 [INFO    ] backups2datalad.py Asset in dataset, and hash shows no modification; will not update
2020-10-12T13:25:06-0400 [INFO    ] backups2datalad.py Syncing asset /sub-745276220/sub-745276220_ses-762120172_probe-768908152_ecephys.nwb
2020-10-12T13:25:06-0400 [INFO    ] backups2datalad.py Asset in dataset, and hash shows no modification; will not update
2020-10-12T13:25:06-0400 [INFO    ] backups2datalad.py Syncing asset /sub-745276220/sub-745276220_ses-762120172_probe-768908157_ecephys.nwb
2020-10-12T13:25:06-0400 [INFO    ] backups2datalad.py Asset in dataset, and hash shows no modification; will not update
2020-10-12T13:25:06-0400 [INFO    ] backups2datalad.py Syncing asset /sub-745276220/sub-745276220_ses-762120172_probe-768908160_ecephys.nwb
2020-10-12T13:25:07-0400 [INFO    ] backups2datalad.py Asset in dataset, and hash shows no modification; will not update
2020-10-12T13:25:07-0400 [INFO    ] backups2datalad.py Syncing asset /sub-757329617/sub-757329617_ses-773418906.nwb
2020-10-12T13:25:07-0400 [INFO    ] backups2datalad.py Asset in dataset, and hash shows no modification; will not update
2020-10-12T13:25:07-0400 [INFO    ] backups2datalad.py Syncing asset /sub-757329617/sub-757329617_ses-773418906_probe-792676154_ecephys.nwb
2020-10-12T13:25:08-0400 [INFO    ] backups2datalad.py Asset in dataset, and hash shows no modification; will not update
2020-10-12T13:25:08-0400 [INFO    ] backups2datalad.py Syncing asset /sub-757329617/sub-757329617_ses-773418906_probe-792676156_ecephys.nwb
2020-10-12T13:25:08-0400 [INFO    ] backups2datalad.py Asset in dataset, and hash shows no modification; will not update
2020-10-12T13:25:08-0400 [INFO    ] backups2datalad.py Syncing asset /sub-757329617/sub-757329617_ses-773418906_probe-792676158_ecephys.nwb
2020-10-12T13:25:08-0400 [INFO    ] backups2datalad.py Asset in dataset, and hash shows no modification; will not update
2020-10-12T13:25:08-0400 [INFO    ] backups2datalad.py Syncing asset /sub-757329617/sub-757329617_ses-773418906_probe-792676160_ecephys.nwb
2020-10-12T13:25:09-0400 [INFO    ] backups2datalad.py Asset in dataset, and hash shows no modification; will not update
2020-10-12T13:25:09-0400 [INFO    ] backups2datalad.py Syncing asset /sub-757329617/sub-757329617_ses-773418906_probe-792676162_ecephys.nwb
2020-10-12T13:25:09-0400 [INFO    ] backups2datalad.py Asset in dataset, and hash shows no modification; will not update
2020-10-12T13:25:09-0400 [INFO    ] backups2datalad.py Syncing asset /sub-757329617/sub-757329617_ses-773418906_probe-792676164_ecephys.nwb
2020-10-12T13:25:09-0400 [INFO    ] backups2datalad.py Asset in dataset, and hash shows no modification; will not update
2020-10-12T13:25:09-0400 [INFO    ] backups2datalad.py Syncing asset /sub-769360771/sub-769360771_ses-791319847.nwb
2020-10-12T13:25:10-0400 [INFO    ] backups2datalad.py Asset in dataset, and hash shows no modification; will not update
2020-10-12T13:25:10-0400 [INFO    ] backups2datalad.py Syncing asset /sub-769360771/sub-769360771_ses-791319847_probe-805008600_ecephys.nwb
2020-10-12T13:25:10-0400 [INFO    ] backups2datalad.py Asset in dataset, and hash shows no modification; will not update
2020-10-12T13:25:10-0400 [INFO    ] backups2datalad.py Syncing asset /sub-769360771/sub-769360771_ses-791319847_probe-805008602_ecephys.nwb
2020-10-12T13:25:10-0400 [INFO    ] backups2datalad.py Asset in dataset, and hash shows no modification; will not update
2020-10-12T13:25:10-0400 [INFO    ] backups2datalad.py Syncing asset /sub-769360771/sub-769360771_ses-791319847_probe-805008604_ecephys.nwb
2020-10-12T13:25:11-0400 [INFO    ] backups2datalad.py Asset in dataset, and hash shows no modification; will not update
2020-10-12T13:25:11-0400 [INFO    ] backups2datalad.py Syncing asset /sub-769360771/sub-769360771_ses-791319847_probe-805008606_ecephys.nwb
2020-10-12T13:25:11-0400 [INFO    ] backups2datalad.py Asset in dataset, and hash shows no modification; will not update
2020-10-12T13:25:11-0400 [INFO    ] backups2datalad.py Syncing asset /sub-769360771/sub-769360771_ses-791319847_probe-805008608_ecephys.nwb
2020-10-12T13:25:12-0400 [INFO    ] backups2datalad.py Asset in dataset, and hash shows no modification; will not update
2020-10-12T13:25:12-0400 [INFO    ] backups2datalad.py Syncing asset /sub-769360771/sub-769360771_ses-791319847_probe-805008610_ecephys.nwb
2020-10-12T13:25:12-0400 [INFO    ] backups2datalad.py Asset in dataset, and hash shows no modification; will not update
2020-10-12T13:25:12-0400 [INFO    ] backups2datalad.py Syncing asset /sub-772616820/sub-772616820_ses-799864342.nwb
2020-10-12T13:25:12-0400 [INFO    ] backups2datalad.py Asset in dataset, and hash shows no modification; will not update
2020-10-12T13:25:12-0400 [INFO    ] backups2datalad.py Syncing asset /sub-772616820/sub-772616820_ses-799864342_probe-805579698_ecephys.nwb
2020-10-12T13:25:13-0400 [INFO    ] backups2datalad.py Asset in dataset, and hash shows no modification; will not update
2020-10-12T13:25:13-0400 [INFO    ] backups2datalad.py Syncing asset /sub-772616820/sub-772616820_ses-799864342_probe-805579700_ecephys.nwb
2020-10-12T13:25:13-0400 [INFO    ] backups2datalad.py Asset in dataset, and hash shows no modification; will not update
2020-10-12T13:25:13-0400 [INFO    ] backups2datalad.py Syncing asset /sub-772616820/sub-772616820_ses-799864342_probe-805579703_ecephys.nwb
2020-10-12T13:25:14-0400 [INFO    ] backups2datalad.py Asset in dataset, and hash shows no modification; will not update
2020-10-12T13:25:14-0400 [INFO    ] backups2datalad.py Syncing asset /sub-772616820/sub-772616820_ses-799864342_probe-805579706_ecephys.nwb
2020-10-12T13:25:14-0400 [INFO    ] backups2datalad.py Asset in dataset, and hash shows no modification; will not update
2020-10-12T13:25:14-0400 [INFO    ] backups2datalad.py Syncing asset /sub-772616820/sub-772616820_ses-799864342_probe-805579710_ecephys.nwb
2020-10-12T13:25:14-0400 [INFO    ] backups2datalad.py Asset in dataset, and hash shows no modification; will not update
2020-10-12T13:25:14-0400 [INFO    ] backups2datalad.py Syncing asset /sub-772616820/sub-772616820_ses-799864342_probe-805579713_ecephys.nwb
2020-10-12T13:25:15-0400 [INFO    ] backups2datalad.py Asset in dataset, and hash shows no modification; will not update
2020-10-12T13:25:15-0400 [INFO    ] backups2datalad.py Syncing asset /sub-775876808/sub-775876808_ses-798911424.nwb
2020-10-12T13:25:15-0400 [INFO    ] backups2datalad.py Asset in dataset, and hash shows no modification; will not update
2020-10-12T13:25:15-0400 [INFO    ] backups2datalad.py Syncing asset /sub-775876808/sub-775876808_ses-798911424_probe-800036196_ecephys.nwb
2020-10-12T13:25:15-0400 [INFO    ] backups2datalad.py Asset in dataset, and hash shows no modification; will not update
2020-10-12T13:25:15-0400 [INFO    ] backups2datalad.py Syncing asset /sub-775876808/sub-775876808_ses-798911424_probe-800036198_ecephys.nwb
2020-10-12T13:25:16-0400 [INFO    ] backups2datalad.py Asset in dataset, and hash shows no modification; will not update
2020-10-12T13:25:16-0400 [INFO    ] backups2datalad.py Syncing asset /sub-775876808/sub-775876808_ses-798911424_probe-800036200_ecephys.nwb
2020-10-12T13:25:16-0400 [INFO    ] backups2datalad.py Asset in dataset, and hash shows no modification; will not update
2020-10-12T13:25:16-0400 [INFO    ] backups2datalad.py Syncing asset /sub-775876808/sub-775876808_ses-798911424_probe-800036202_ecephys.nwb
2020-10-12T13:25:17-0400 [INFO    ] backups2datalad.py Asset in dataset, and hash shows no modification; will not update
2020-10-12T13:25:17-0400 [INFO    ] backups2datalad.py Syncing asset /sub-775876808/sub-775876808_ses-798911424_probe-800036204_ecephys.nwb
2020-10-12T13:25:17-0400 [INFO    ] backups2datalad.py Asset in dataset, and hash shows no modification; will not update
2020-10-12T13:25:17-0400 [INFO    ] backups2datalad.py Syncing asset /sub-775876808/sub-775876808_ses-798911424_probe-800036206_ecephys.nwb
2020-10-12T13:25:17-0400 [INFO    ] backups2datalad.py Asset in dataset, and hash shows no modification; will not update
2020-10-12T13:25:17-0400 [INFO    ] backups2datalad.py Syncing asset /sub-776061236/sub-776061236_ses-797828357.nwb
2020-10-12T13:25:18-0400 [INFO    ] backups2datalad.py Asset in dataset, and hash shows no modification; will not update
2020-10-12T13:25:18-0400 [INFO    ] backups2datalad.py Syncing asset /sub-776061236/sub-776061236_ses-797828357_probe-805579734_ecephys.nwb
2020-10-12T13:25:18-0400 [INFO    ] backups2datalad.py Asset in dataset, and hash shows no modification; will not update
2020-10-12T13:25:18-0400 [INFO    ] backups2datalad.py Syncing asset /sub-776061236/sub-776061236_ses-797828357_probe-805579738_ecephys.nwb
2020-10-12T13:25:19-0400 [INFO    ] backups2datalad.py Asset in dataset, and hash shows no modification; will not update
2020-10-12T13:25:19-0400 [INFO    ] backups2datalad.py Syncing asset /sub-776061236/sub-776061236_ses-797828357_probe-805579741_ecephys.nwb
2020-10-12T13:25:19-0400 [INFO    ] backups2datalad.py Asset in dataset, and hash shows no modification; will not update
2020-10-12T13:25:19-0400 [INFO    ] backups2datalad.py Syncing asset /sub-776061236/sub-776061236_ses-797828357_probe-805579745_ecephys.nwb
2020-10-12T13:25:19-0400 [INFO    ] backups2datalad.py Asset in dataset, and hash shows no modification; will not update
2020-10-12T13:25:19-0400 [INFO    ] backups2datalad.py Syncing asset /sub-776061236/sub-776061236_ses-797828357_probe-805579749_ecephys.nwb
2020-10-12T13:25:20-0400 [INFO    ] backups2datalad.py Asset in dataset, and hash shows no modification; will not update
2020-10-12T13:25:20-0400 [INFO    ] backups2datalad.py Syncing asset /sub-776061236/sub-776061236_ses-797828357_probe-805579753_ecephys.nwb
2020-10-12T13:25:20-0400 [INFO    ] backups2datalad.py Asset in dataset, and hash shows no modification; will not update
2020-10-12T13:25:20-0400 [INFO    ] backups2datalad.py Commiting changes
